<?xml version="1.0" encoding="utf-8"?>
<coverage line-rate="0.6453" branch-rate="0.75" version="1.9" timestamp="1695050636" lines-covered="91" lines-valid="141" branches-covered="18" branches-valid="24">
  <sources>
    <source>C:\Users\User\source\repos\mediaAPI\mediaAPI\</source>
  </sources>
  <packages>
    <package name="mediaAPI" line-rate="0.6453" branch-rate="0.75" complexity="44">
      <classes>
        <class name="Program" filename="Program.cs" line-rate="0.4814" branch-rate="0.5" complexity="2">
          <methods>
            <method name="&lt;Main&gt;$" signature="(System.String[])" line-rate="0.4814" branch-rate="0.5" complexity="2">
              <lines>
                <line number="11" hits="13" branch="False" />
                <line number="12" hits="13" branch="False" />
                <line number="13" hits="13" branch="False" />
                <line number="14" hits="13" branch="False" />
                <line number="15" hits="13" branch="False" />
                <line number="17" hits="13" branch="False" />
                <line number="18" hits="13" branch="False" />
                <line number="20" hits="13" branch="False" />
                <line number="22" hits="13" branch="True" condition-coverage="50% (1/2)">
                  <conditions>
                    <condition number="171" type="jump" coverage="50%" />
                  </conditions>
                </line>
                <line number="23" hits="13" branch="False" />
                <line number="24" hits="13" branch="False" />
                <line number="25" hits="13" branch="False" />
                <line number="27" hits="0" branch="False" />
                <line number="28" hits="0" branch="False" />
                <line number="29" hits="0" branch="False" />
                <line number="30" hits="0" branch="False" />
                <line number="31" hits="0" branch="False" />
                <line number="32" hits="0" branch="False" />
                <line number="33" hits="0" branch="False" />
                <line number="34" hits="0" branch="False" />
                <line number="35" hits="0" branch="False" />
                <line number="36" hits="0" branch="False" />
                <line number="37" hits="0" branch="False" />
                <line number="38" hits="0" branch="False" />
                <line number="39" hits="0" branch="False" />
                <line number="40" hits="0" branch="False" />
                <line number="42" hits="13" branch="False" />
              </lines>
            </method>
          </methods>
          <lines>
            <line number="11" hits="13" branch="False" />
            <line number="12" hits="13" branch="False" />
            <line number="13" hits="13" branch="False" />
            <line number="14" hits="13" branch="False" />
            <line number="15" hits="13" branch="False" />
            <line number="17" hits="13" branch="False" />
            <line number="18" hits="13" branch="False" />
            <line number="20" hits="13" branch="False" />
            <line number="22" hits="13" branch="True" condition-coverage="50% (1/2)">
              <conditions>
                <condition number="171" type="jump" coverage="50%" />
              </conditions>
            </line>
            <line number="23" hits="13" branch="False" />
            <line number="24" hits="13" branch="False" />
            <line number="25" hits="13" branch="False" />
            <line number="27" hits="0" branch="False" />
            <line number="28" hits="0" branch="False" />
            <line number="29" hits="0" branch="False" />
            <line number="30" hits="0" branch="False" />
            <line number="31" hits="0" branch="False" />
            <line number="32" hits="0" branch="False" />
            <line number="33" hits="0" branch="False" />
            <line number="34" hits="0" branch="False" />
            <line number="35" hits="0" branch="False" />
            <line number="36" hits="0" branch="False" />
            <line number="37" hits="0" branch="False" />
            <line number="38" hits="0" branch="False" />
            <line number="39" hits="0" branch="False" />
            <line number="40" hits="0" branch="False" />
            <line number="42" hits="13" branch="False" />
          </lines>
        </class>
        <class name="Program/&lt;&gt;c/&lt;&lt;&lt;Main&gt;$&gt;b__0_2&gt;d" filename="Program.cs" line-rate="1" branch-rate="0" complexity="4">
          <methods />
          <lines />
        </class>
        <class name="mediaAPI.DatabaseConnection" filename="DatabaseConnection.cs" line-rate="0" branch-rate="1" complexity="2">
          <methods>
            <method name="CreateConnection" signature="()" line-rate="0" branch-rate="1" complexity="1">
              <lines>
                <line number="16" hits="0" branch="False" />
                <line number="17" hits="0" branch="False" />
                <line number="18" hits="0" branch="False" />
              </lines>
            </method>
            <method name=".ctor" signature="(System.String)" line-rate="0" branch-rate="1" complexity="1">
              <lines>
                <line number="10" hits="0" branch="False" />
                <line number="11" hits="0" branch="False" />
                <line number="12" hits="0" branch="False" />
                <line number="13" hits="0" branch="False" />
              </lines>
            </method>
          </methods>
          <lines>
            <line number="16" hits="0" branch="False" />
            <line number="17" hits="0" branch="False" />
            <line number="18" hits="0" branch="False" />
            <line number="10" hits="0" branch="False" />
            <line number="11" hits="0" branch="False" />
            <line number="12" hits="0" branch="False" />
            <line number="13" hits="0" branch="False" />
          </lines>
        </class>
        <class name="mediaAPI.TestAppConfiguration" filename="TestAppConfiguration.cs" line-rate="1" branch-rate="1" complexity="2">
          <methods>
            <method name="ConfigureServices" signature="(Microsoft.AspNetCore.Builder.WebApplicationBuilder)" line-rate="1" branch-rate="1" complexity="1">
              <lines>
                <line number="21" hits="13" branch="False" />
                <line number="22" hits="13" branch="False" />
                <line number="23" hits="13" branch="False" />
                <line number="24" hits="13" branch="False" />
                <line number="25" hits="13" branch="False" />
                <line number="26" hits="13" branch="False" />
              </lines>
            </method>
            <method name="Configure" signature="(Microsoft.AspNetCore.Builder.WebApplication)" line-rate="1" branch-rate="1" complexity="1">
              <lines>
                <line number="29" hits="13" branch="False" />
                <line number="32" hits="13" branch="False" />
                <line number="33" hits="4" branch="False" />
                <line number="34" hits="13" branch="False" />
                <line number="35" hits="4" branch="False" />
                <line number="36" hits="2" branch="False" />
                <line number="37" hits="2" branch="False" />
                <line number="38" hits="13" branch="False" />
                <line number="39" hits="13" branch="False" />
                <line number="40" hits="13" branch="False" />
                <line number="41" hits="2" branch="False" />
                <line number="42" hits="3" branch="False" />
                <line number="43" hits="13" branch="False" />
                <line number="44" hits="13" branch="False" />
                <line number="45" hits="1" branch="False" />
                <line number="46" hits="1" branch="False" />
                <line number="47" hits="17" branch="False" />
                <line number="50" hits="13" branch="False" />
                <line number="51" hits="3" branch="False" />
                <line number="52" hits="13" branch="False" />
                <line number="53" hits="3" branch="False" />
                <line number="54" hits="3" branch="False" />
                <line number="55" hits="13" branch="False" />
                <line number="56" hits="13" branch="False" />
                <line number="57" hits="5" branch="False" />
                <line number="58" hits="13" branch="False" />
                <line number="59" hits="13" branch="False" />
                <line number="60" hits="1" branch="False" />
                <line number="61" hits="1" branch="False" />
                <line number="62" hits="16" branch="False" />
                <line number="65" hits="13" branch="False" />
                <line number="66" hits="2" branch="False" />
                <line number="67" hits="13" branch="False" />
                <line number="68" hits="2" branch="False" />
                <line number="69" hits="2" branch="False" />
                <line number="70" hits="13" branch="False" />
                <line number="71" hits="13" branch="False" />
                <line number="72" hits="3" branch="False" />
                <line number="73" hits="13" branch="False" />
                <line number="74" hits="13" branch="False" />
                <line number="75" hits="1" branch="False" />
                <line number="76" hits="1" branch="False" />
                <line number="77" hits="15" branch="False" />
                <line number="80" hits="13" branch="False" />
                <line number="81" hits="2" branch="False" />
                <line number="82" hits="13" branch="False" />
                <line number="83" hits="2" branch="False" />
                <line number="84" hits="13" branch="False" />
                <line number="85" hits="13" branch="False" />
                <line number="86" hits="3" branch="False" />
                <line number="87" hits="1" branch="False" />
                <line number="88" hits="15" branch="False" />
                <line number="91" hits="13" branch="False" />
                <line number="92" hits="2" branch="False" />
                <line number="93" hits="13" branch="False" />
                <line number="94" hits="2" branch="False" />
                <line number="95" hits="13" branch="False" />
                <line number="96" hits="13" branch="False" />
                <line number="97" hits="3" branch="False" />
                <line number="98" hits="1" branch="False" />
                <line number="99" hits="15" branch="False" />
                <line number="100" hits="13" branch="False" />
              </lines>
            </method>
          </methods>
          <lines>
            <line number="21" hits="13" branch="False" />
            <line number="22" hits="13" branch="False" />
            <line number="23" hits="13" branch="False" />
            <line number="24" hits="13" branch="False" />
            <line number="25" hits="13" branch="False" />
            <line number="26" hits="13" branch="False" />
            <line number="29" hits="13" branch="False" />
            <line number="32" hits="13" branch="False" />
            <line number="33" hits="4" branch="False" />
            <line number="34" hits="13" branch="False" />
            <line number="35" hits="4" branch="False" />
            <line number="36" hits="2" branch="False" />
            <line number="37" hits="2" branch="False" />
            <line number="38" hits="13" branch="False" />
            <line number="39" hits="13" branch="False" />
            <line number="40" hits="13" branch="False" />
            <line number="41" hits="2" branch="False" />
            <line number="42" hits="3" branch="False" />
            <line number="43" hits="13" branch="False" />
            <line number="44" hits="13" branch="False" />
            <line number="45" hits="1" branch="False" />
            <line number="46" hits="1" branch="False" />
            <line number="47" hits="17" branch="False" />
            <line number="50" hits="13" branch="False" />
            <line number="51" hits="3" branch="False" />
            <line number="52" hits="13" branch="False" />
            <line number="53" hits="3" branch="False" />
            <line number="54" hits="3" branch="False" />
            <line number="55" hits="13" branch="False" />
            <line number="56" hits="13" branch="False" />
            <line number="57" hits="5" branch="False" />
            <line number="58" hits="13" branch="False" />
            <line number="59" hits="13" branch="False" />
            <line number="60" hits="1" branch="False" />
            <line number="61" hits="1" branch="False" />
            <line number="62" hits="16" branch="False" />
            <line number="65" hits="13" branch="False" />
            <line number="66" hits="2" branch="False" />
            <line number="67" hits="13" branch="False" />
            <line number="68" hits="2" branch="False" />
            <line number="69" hits="2" branch="False" />
            <line number="70" hits="13" branch="False" />
            <line number="71" hits="13" branch="False" />
            <line number="72" hits="3" branch="False" />
            <line number="73" hits="13" branch="False" />
            <line number="74" hits="13" branch="False" />
            <line number="75" hits="1" branch="False" />
            <line number="76" hits="1" branch="False" />
            <line number="77" hits="15" branch="False" />
            <line number="80" hits="13" branch="False" />
            <line number="81" hits="2" branch="False" />
            <line number="82" hits="13" branch="False" />
            <line number="83" hits="2" branch="False" />
            <line number="84" hits="13" branch="False" />
            <line number="85" hits="13" branch="False" />
            <line number="86" hits="3" branch="False" />
            <line number="87" hits="1" branch="False" />
            <line number="88" hits="15" branch="False" />
            <line number="91" hits="13" branch="False" />
            <line number="92" hits="2" branch="False" />
            <line number="93" hits="13" branch="False" />
            <line number="94" hits="2" branch="False" />
            <line number="95" hits="13" branch="False" />
            <line number="96" hits="13" branch="False" />
            <line number="97" hits="3" branch="False" />
            <line number="98" hits="1" branch="False" />
            <line number="99" hits="15" branch="False" />
            <line number="100" hits="13" branch="False" />
          </lines>
        </class>
        <class name="mediaAPI.TestAppConfiguration/&lt;&gt;c/&lt;&lt;Configure&gt;b__1_0&gt;d" filename="TestAppConfiguration.cs" line-rate="1" branch-rate="1" complexity="6">
          <methods />
          <lines />
        </class>
        <class name="mediaAPI.TestAppConfiguration/&lt;&gt;c/&lt;&lt;Configure&gt;b__1_1&gt;d" filename="TestAppConfiguration.cs" line-rate="1" branch-rate="1" complexity="4">
          <methods />
          <lines />
        </class>
        <class name="mediaAPI.TestAppConfiguration/&lt;&gt;c/&lt;&lt;Configure&gt;b__1_2&gt;d" filename="TestAppConfiguration.cs" line-rate="1" branch-rate="0.75" complexity="4">
          <methods />
          <lines />
        </class>
        <class name="mediaAPI.TestAppConfiguration/&lt;&gt;c/&lt;&lt;Configure&gt;b__1_3&gt;d" filename="TestAppConfiguration.cs" line-rate="1" branch-rate="1" complexity="2">
          <methods />
          <lines />
        </class>
        <class name="mediaAPI.TestAppConfiguration/&lt;&gt;c/&lt;&lt;Configure&gt;b__1_4&gt;d" filename="TestAppConfiguration.cs" line-rate="1" branch-rate="1" complexity="2">
          <methods />
          <lines />
        </class>
        <class name="mediaAPI.Repositories.PostRepository" filename="Repositories\PostRepository.cs" line-rate="0" branch-rate="1" complexity="1">
          <methods>
            <method name=".ctor" signature="(System.Data.IDbConnection)" line-rate="0" branch-rate="1" complexity="1">
              <lines>
                <line number="19" hits="0" branch="False" />
                <line number="20" hits="0" branch="False" />
                <line number="21" hits="0" branch="False" />
                <line number="22" hits="0" branch="False" />
              </lines>
            </method>
          </methods>
          <lines>
            <line number="19" hits="0" branch="False" />
            <line number="20" hits="0" branch="False" />
            <line number="21" hits="0" branch="False" />
            <line number="22" hits="0" branch="False" />
          </lines>
        </class>
        <class name="mediaAPI.Repositories.PostRepository/&lt;CreatePostAsync&gt;d__3" filename="Repositories\PostRepository.cs" line-rate="0" branch-rate="1" complexity="1">
          <methods>
            <method name="MoveNext" signature="()" line-rate="0" branch-rate="1" complexity="1">
              <lines>
                <line number="31" hits="0" branch="False" />
                <line number="32" hits="0" branch="False" />
                <line number="33" hits="0" branch="False" />
                <line number="34" hits="0" branch="False" />
              </lines>
            </method>
          </methods>
          <lines>
            <line number="31" hits="0" branch="False" />
            <line number="32" hits="0" branch="False" />
            <line number="33" hits="0" branch="False" />
            <line number="34" hits="0" branch="False" />
          </lines>
        </class>
        <class name="mediaAPI.Repositories.PostRepository/&lt;GetAllPostsAsync&gt;d__5" filename="Repositories\PostRepository.cs" line-rate="0" branch-rate="1" complexity="1">
          <methods>
            <method name="MoveNext" signature="()" line-rate="0" branch-rate="1" complexity="1">
              <lines>
                <line number="43" hits="0" branch="False" />
                <line number="45" hits="0" branch="False" />
                <line number="46" hits="0" branch="False" />
              </lines>
            </method>
          </methods>
          <lines>
            <line number="43" hits="0" branch="False" />
            <line number="45" hits="0" branch="False" />
            <line number="46" hits="0" branch="False" />
          </lines>
        </class>
        <class name="mediaAPI.Repositories.PostRepository/&lt;GetPostByIdAsync&gt;d__2" filename="Repositories\PostRepository.cs" line-rate="0" branch-rate="1" complexity="1">
          <methods>
            <method name="MoveNext" signature="()" line-rate="0" branch-rate="1" complexity="1">
              <lines>
                <line number="25" hits="0" branch="False" />
                <line number="26" hits="0" branch="False" />
                <line number="27" hits="0" branch="False" />
                <line number="28" hits="0" branch="False" />
              </lines>
            </method>
          </methods>
          <lines>
            <line number="25" hits="0" branch="False" />
            <line number="26" hits="0" branch="False" />
            <line number="27" hits="0" branch="False" />
            <line number="28" hits="0" branch="False" />
          </lines>
        </class>
        <class name="mediaAPI.Repositories.PostRepository/&lt;LikePostAsync&gt;d__4" filename="Repositories\PostRepository.cs" line-rate="0" branch-rate="1" complexity="1">
          <methods>
            <method name="MoveNext" signature="()" line-rate="0" branch-rate="1" complexity="1">
              <lines>
                <line number="37" hits="0" branch="False" />
                <line number="39" hits="0" branch="False" />
                <line number="40" hits="0" branch="False" />
              </lines>
            </method>
          </methods>
          <lines>
            <line number="37" hits="0" branch="False" />
            <line number="39" hits="0" branch="False" />
            <line number="40" hits="0" branch="False" />
          </lines>
        </class>
        <class name="mediaAPI.Repositories.UserRepository" filename="Repositories\UserRepository.cs" line-rate="0" branch-rate="1" complexity="1">
          <methods>
            <method name=".ctor" signature="(System.Data.IDbConnection)" line-rate="0" branch-rate="1" complexity="1">
              <lines>
                <line number="17" hits="0" branch="False" />
                <line number="18" hits="0" branch="False" />
                <line number="19" hits="0" branch="False" />
                <line number="20" hits="0" branch="False" />
              </lines>
            </method>
          </methods>
          <lines>
            <line number="17" hits="0" branch="False" />
            <line number="18" hits="0" branch="False" />
            <line number="19" hits="0" branch="False" />
            <line number="20" hits="0" branch="False" />
          </lines>
        </class>
        <class name="mediaAPI.Repositories.UserRepository/&lt;GetUserByIdAsync&gt;d__2" filename="Repositories\UserRepository.cs" line-rate="0" branch-rate="1" complexity="1">
          <methods>
            <method name="MoveNext" signature="()" line-rate="0" branch-rate="1" complexity="1">
              <lines>
                <line number="23" hits="0" branch="False" />
                <line number="24" hits="0" branch="False" />
                <line number="25" hits="0" branch="False" />
                <line number="26" hits="0" branch="False" />
              </lines>
            </method>
          </methods>
          <lines>
            <line number="23" hits="0" branch="False" />
            <line number="24" hits="0" branch="False" />
            <line number="25" hits="0" branch="False" />
            <line number="26" hits="0" branch="False" />
          </lines>
        </class>
        <class name="mediaAPI.Repositories.UserRepository/&lt;SubscribeAsync&gt;d__3" filename="Repositories\UserRepository.cs" line-rate="0" branch-rate="1" complexity="1">
          <methods>
            <method name="MoveNext" signature="()" line-rate="0" branch-rate="1" complexity="1">
              <lines>
                <line number="29" hits="0" branch="False" />
                <line number="31" hits="0" branch="False" />
                <line number="32" hits="0" branch="False" />
              </lines>
            </method>
          </methods>
          <lines>
            <line number="29" hits="0" branch="False" />
            <line number="31" hits="0" branch="False" />
            <line number="32" hits="0" branch="False" />
          </lines>
        </class>
        <class name="mediaAPI.Models.Post" filename="Models\Post.cs" line-rate="1" branch-rate="1" complexity="6">
          <methods>
            <method name="get_Id" signature="()" line-rate="1" branch-rate="1" complexity="1">
              <lines>
                <line number="5" hits="33" branch="False" />
              </lines>
            </method>
            <method name="get_Title" signature="()" line-rate="1" branch-rate="1" complexity="1">
              <lines>
                <line number="6" hits="54" branch="False" />
              </lines>
            </method>
            <method name="get_Body" signature="()" line-rate="1" branch-rate="1" complexity="1">
              <lines>
                <line number="7" hits="52" branch="False" />
              </lines>
            </method>
            <method name="get_Author" signature="()" line-rate="1" branch-rate="1" complexity="1">
              <lines>
                <line number="8" hits="52" branch="False" />
              </lines>
            </method>
            <method name="get_Likes" signature="()" line-rate="1" branch-rate="1" complexity="1">
              <lines>
                <line number="9" hits="13" branch="False" />
              </lines>
            </method>
            <method name=".ctor" signature="()" line-rate="1" branch-rate="1" complexity="1">
              <lines>
                <line number="11" hits="41" branch="False" />
                <line number="12" hits="41" branch="False" />
                <line number="13" hits="41" branch="False" />
              </lines>
            </method>
          </methods>
          <lines>
            <line number="5" hits="33" branch="False" />
            <line number="6" hits="54" branch="False" />
            <line number="7" hits="52" branch="False" />
            <line number="8" hits="52" branch="False" />
            <line number="9" hits="13" branch="False" />
            <line number="11" hits="41" branch="False" />
            <line number="12" hits="41" branch="False" />
            <line number="13" hits="41" branch="False" />
          </lines>
        </class>
        <class name="mediaAPI.Models.User" filename="Models\User.cs" line-rate="1" branch-rate="1" complexity="2">
          <methods>
            <method name="get_Id" signature="()" line-rate="1" branch-rate="1" complexity="1">
              <lines>
                <line number="5" hits="22" branch="False" />
              </lines>
            </method>
            <method name="get_Username" signature="()" line-rate="1" branch-rate="1" complexity="1">
              <lines>
                <line number="6" hits="22" branch="False" />
              </lines>
            </method>
          </methods>
          <lines>
            <line number="5" hits="22" branch="False" />
            <line number="6" hits="22" branch="False" />
          </lines>
        </class>
      </classes>
    </package>
  </packages>
</coverage>