<?xml version="1.0" encoding="utf-8"?>
<coverage line-rate="0.2954" branch-rate="0.5757" version="1.9" timestamp="1695226973" lines-covered="174" lines-valid="589" branches-covered="38" branches-valid="66">
  <sources>
    <source>C:\Users\User\source\repos\bookstoreAPI\bookstoreAPI\</source>
  </sources>
  <packages>
    <package name="bookstoreAPI" line-rate="0.2954" branch-rate="0.5757" complexity="91">
      <classes>
        <class name="BookstoreContext" filename="Data\BookstoreContext.cs" line-rate="1" branch-rate="1" complexity="4">
          <methods>
            <method name="get_Books" signature="()" line-rate="1" branch-rate="1" complexity="1">
              <lines>
                <line number="13" hits="48" branch="False" />
              </lines>
            </method>
            <method name="get_Authors" signature="()" line-rate="1" branch-rate="1" complexity="1">
              <lines>
                <line number="14" hits="61" branch="False" />
              </lines>
            </method>
            <method name="get_Genres" signature="()" line-rate="1" branch-rate="1" complexity="1">
              <lines>
                <line number="15" hits="59" branch="False" />
              </lines>
            </method>
            <method name=".ctor" signature="(Microsoft.EntityFrameworkCore.DbContextOptions`1&lt;BookstoreContext&gt;)" line-rate="1" branch-rate="1" complexity="1">
              <lines>
                <line number="9" hits="32" branch="False" />
                <line number="10" hits="32" branch="False" />
                <line number="11" hits="32" branch="False" />
              </lines>
            </method>
          </methods>
          <lines>
            <line number="13" hits="48" branch="False" />
            <line number="14" hits="61" branch="False" />
            <line number="15" hits="59" branch="False" />
            <line number="9" hits="32" branch="False" />
            <line number="10" hits="32" branch="False" />
            <line number="11" hits="32" branch="False" />
          </lines>
        </class>
        <class name="bookstoreAPI.Program" filename="Program.cs" line-rate="1" branch-rate="1" complexity="2">
          <methods>
            <method name="Main" signature="(System.String[])" line-rate="1" branch-rate="1" complexity="2">
              <lines>
                <line number="11" hits="14" branch="False" />
                <line number="12" hits="14" branch="False" />
                <line number="16" hits="14" branch="False" />
                <line number="17" hits="14" branch="False" />
                <line number="19" hits="14" branch="False" />
                <line number="20" hits="14" branch="False" />
                <line number="22" hits="14" branch="False" />
                <line number="25" hits="14" branch="True" condition-coverage="100% (2/2)">
                  <conditions>
                    <condition number="127" type="jump" coverage="100%" />
                  </conditions>
                </line>
                <line number="26" hits="14" branch="False" />
                <line number="27" hits="14" branch="False" />
                <line number="28" hits="14" branch="False" />
                <line number="29" hits="14" branch="False" />
                <line number="31" hits="14" branch="False" />
                <line number="33" hits="14" branch="False" />
                <line number="36" hits="14" branch="False" />
                <line number="38" hits="14" branch="False" />
                <line number="39" hits="14" branch="False" />
              </lines>
            </method>
          </methods>
          <lines>
            <line number="11" hits="14" branch="False" />
            <line number="12" hits="14" branch="False" />
            <line number="16" hits="14" branch="False" />
            <line number="17" hits="14" branch="False" />
            <line number="19" hits="14" branch="False" />
            <line number="20" hits="14" branch="False" />
            <line number="22" hits="14" branch="False" />
            <line number="25" hits="14" branch="True" condition-coverage="100% (2/2)">
              <conditions>
                <condition number="127" type="jump" coverage="100%" />
              </conditions>
            </line>
            <line number="26" hits="14" branch="False" />
            <line number="27" hits="14" branch="False" />
            <line number="28" hits="14" branch="False" />
            <line number="29" hits="14" branch="False" />
            <line number="31" hits="14" branch="False" />
            <line number="33" hits="14" branch="False" />
            <line number="36" hits="14" branch="False" />
            <line number="38" hits="14" branch="False" />
            <line number="39" hits="14" branch="False" />
          </lines>
        </class>
        <class name="bookstoreAPI.Models.Author" filename="Models\Author.cs" line-rate="1" branch-rate="1" complexity="2">
          <methods>
            <method name="get_Id" signature="()" line-rate="1" branch-rate="1" complexity="1">
              <lines>
                <line number="5" hits="62" branch="False" />
              </lines>
            </method>
            <method name="get_Name" signature="()" line-rate="1" branch-rate="1" complexity="1">
              <lines>
                <line number="6" hits="65" branch="False" />
              </lines>
            </method>
          </methods>
          <lines>
            <line number="5" hits="62" branch="False" />
            <line number="6" hits="65" branch="False" />
          </lines>
        </class>
        <class name="bookstoreAPI.Models.Book" filename="Models\Book.cs" line-rate="1" branch-rate="1" complexity="6">
          <methods>
            <method name="get_Id" signature="()" line-rate="1" branch-rate="1" complexity="1">
              <lines>
                <line number="7" hits="45" branch="False" />
              </lines>
            </method>
            <method name="get_Title" signature="()" line-rate="1" branch-rate="1" complexity="1">
              <lines>
                <line number="8" hits="36" branch="False" />
              </lines>
            </method>
            <method name="get_Author" signature="()" line-rate="1" branch-rate="1" complexity="1">
              <lines>
                <line number="9" hits="46" branch="False" />
              </lines>
            </method>
            <method name="get_Genre" signature="()" line-rate="1" branch-rate="1" complexity="1">
              <lines>
                <line number="10" hits="46" branch="False" />
              </lines>
            </method>
            <method name="get_Price" signature="()" line-rate="1" branch-rate="1" complexity="1">
              <lines>
                <line number="11" hits="28" branch="False" />
              </lines>
            </method>
            <method name="get_QuantityAvailable" signature="()" line-rate="1" branch-rate="1" complexity="1">
              <lines>
                <line number="12" hits="28" branch="False" />
              </lines>
            </method>
          </methods>
          <lines>
            <line number="7" hits="45" branch="False" />
            <line number="8" hits="36" branch="False" />
            <line number="9" hits="46" branch="False" />
            <line number="10" hits="46" branch="False" />
            <line number="11" hits="28" branch="False" />
            <line number="12" hits="28" branch="False" />
          </lines>
        </class>
        <class name="bookstoreAPI.Models.Genre" filename="Models\Genre.cs" line-rate="1" branch-rate="1" complexity="2">
          <methods>
            <method name="get_Id" signature="()" line-rate="1" branch-rate="1" complexity="1">
              <lines>
                <line number="5" hits="59" branch="False" />
              </lines>
            </method>
            <method name="get_Name" signature="()" line-rate="1" branch-rate="1" complexity="1">
              <lines>
                <line number="6" hits="62" branch="False" />
              </lines>
            </method>
          </methods>
          <lines>
            <line number="5" hits="59" branch="False" />
            <line number="6" hits="62" branch="False" />
          </lines>
        </class>
        <class name="bookstoreAPI.Migrations.InitialCreate" filename="Migrations\20230918174758_InitialCreate.cs" line-rate="0" branch-rate="1" complexity="2">
          <methods>
            <method name="Up" signature="(Microsoft.EntityFrameworkCore.Migrations.MigrationBuilder)" line-rate="0" branch-rate="1" complexity="1">
              <lines>
                <line number="12" hits="0" branch="False" />
                <line number="13" hits="0" branch="False" />
                <line number="14" hits="0" branch="False" />
                <line number="15" hits="0" branch="False" />
                <line number="16" hits="0" branch="False" />
                <line number="17" hits="0" branch="False" />
                <line number="18" hits="0" branch="False" />
                <line number="19" hits="0" branch="False" />
                <line number="20" hits="0" branch="False" />
                <line number="21" hits="0" branch="False" />
                <line number="22" hits="0" branch="False" />
                <line number="23" hits="0" branch="False" />
                <line number="24" hits="0" branch="False" />
                <line number="26" hits="0" branch="False" />
                <line number="27" hits="0" branch="False" />
                <line number="28" hits="0" branch="False" />
                <line number="29" hits="0" branch="False" />
                <line number="30" hits="0" branch="False" />
                <line number="31" hits="0" branch="False" />
                <line number="32" hits="0" branch="False" />
                <line number="33" hits="0" branch="False" />
                <line number="34" hits="0" branch="False" />
                <line number="35" hits="0" branch="False" />
                <line number="36" hits="0" branch="False" />
                <line number="37" hits="0" branch="False" />
                <line number="39" hits="0" branch="False" />
                <line number="40" hits="0" branch="False" />
                <line number="41" hits="0" branch="False" />
                <line number="42" hits="0" branch="False" />
                <line number="43" hits="0" branch="False" />
                <line number="44" hits="0" branch="False" />
                <line number="45" hits="0" branch="False" />
                <line number="46" hits="0" branch="False" />
                <line number="47" hits="0" branch="False" />
                <line number="48" hits="0" branch="False" />
                <line number="49" hits="0" branch="False" />
                <line number="50" hits="0" branch="False" />
                <line number="51" hits="0" branch="False" />
                <line number="52" hits="0" branch="False" />
                <line number="53" hits="0" branch="False" />
                <line number="54" hits="0" branch="False" />
                <line number="55" hits="0" branch="False" />
                <line number="56" hits="0" branch="False" />
                <line number="57" hits="0" branch="False" />
                <line number="58" hits="0" branch="False" />
                <line number="59" hits="0" branch="False" />
                <line number="60" hits="0" branch="False" />
                <line number="61" hits="0" branch="False" />
                <line number="62" hits="0" branch="False" />
                <line number="63" hits="0" branch="False" />
                <line number="64" hits="0" branch="False" />
                <line number="65" hits="0" branch="False" />
                <line number="66" hits="0" branch="False" />
                <line number="68" hits="0" branch="False" />
                <line number="69" hits="0" branch="False" />
                <line number="70" hits="0" branch="False" />
                <line number="71" hits="0" branch="False" />
                <line number="73" hits="0" branch="False" />
                <line number="74" hits="0" branch="False" />
                <line number="75" hits="0" branch="False" />
                <line number="76" hits="0" branch="False" />
                <line number="77" hits="0" branch="False" />
              </lines>
            </method>
            <method name="Down" signature="(Microsoft.EntityFrameworkCore.Migrations.MigrationBuilder)" line-rate="0" branch-rate="1" complexity="1">
              <lines>
                <line number="81" hits="0" branch="False" />
                <line number="82" hits="0" branch="False" />
                <line number="83" hits="0" branch="False" />
                <line number="85" hits="0" branch="False" />
                <line number="86" hits="0" branch="False" />
                <line number="88" hits="0" branch="False" />
                <line number="89" hits="0" branch="False" />
                <line number="90" hits="0" branch="False" />
              </lines>
            </method>
          </methods>
          <lines>
            <line number="12" hits="0" branch="False" />
            <line number="13" hits="0" branch="False" />
            <line number="14" hits="0" branch="False" />
            <line number="15" hits="0" branch="False" />
            <line number="16" hits="0" branch="False" />
            <line number="17" hits="0" branch="False" />
            <line number="18" hits="0" branch="False" />
            <line number="19" hits="0" branch="False" />
            <line number="20" hits="0" branch="False" />
            <line number="21" hits="0" branch="False" />
            <line number="22" hits="0" branch="False" />
            <line number="23" hits="0" branch="False" />
            <line number="24" hits="0" branch="False" />
            <line number="26" hits="0" branch="False" />
            <line number="27" hits="0" branch="False" />
            <line number="28" hits="0" branch="False" />
            <line number="29" hits="0" branch="False" />
            <line number="30" hits="0" branch="False" />
            <line number="31" hits="0" branch="False" />
            <line number="32" hits="0" branch="False" />
            <line number="33" hits="0" branch="False" />
            <line number="34" hits="0" branch="False" />
            <line number="35" hits="0" branch="False" />
            <line number="36" hits="0" branch="False" />
            <line number="37" hits="0" branch="False" />
            <line number="39" hits="0" branch="False" />
            <line number="40" hits="0" branch="False" />
            <line number="41" hits="0" branch="False" />
            <line number="42" hits="0" branch="False" />
            <line number="43" hits="0" branch="False" />
            <line number="44" hits="0" branch="False" />
            <line number="45" hits="0" branch="False" />
            <line number="46" hits="0" branch="False" />
            <line number="47" hits="0" branch="False" />
            <line number="48" hits="0" branch="False" />
            <line number="49" hits="0" branch="False" />
            <line number="50" hits="0" branch="False" />
            <line number="51" hits="0" branch="False" />
            <line number="52" hits="0" branch="False" />
            <line number="53" hits="0" branch="False" />
            <line number="54" hits="0" branch="False" />
            <line number="55" hits="0" branch="False" />
            <line number="56" hits="0" branch="False" />
            <line number="57" hits="0" branch="False" />
            <line number="58" hits="0" branch="False" />
            <line number="59" hits="0" branch="False" />
            <line number="60" hits="0" branch="False" />
            <line number="61" hits="0" branch="False" />
            <line number="62" hits="0" branch="False" />
            <line number="63" hits="0" branch="False" />
            <line number="64" hits="0" branch="False" />
            <line number="65" hits="0" branch="False" />
            <line number="66" hits="0" branch="False" />
            <line number="68" hits="0" branch="False" />
            <line number="69" hits="0" branch="False" />
            <line number="70" hits="0" branch="False" />
            <line number="71" hits="0" branch="False" />
            <line number="73" hits="0" branch="False" />
            <line number="74" hits="0" branch="False" />
            <line number="75" hits="0" branch="False" />
            <line number="76" hits="0" branch="False" />
            <line number="77" hits="0" branch="False" />
            <line number="81" hits="0" branch="False" />
            <line number="82" hits="0" branch="False" />
            <line number="83" hits="0" branch="False" />
            <line number="85" hits="0" branch="False" />
            <line number="86" hits="0" branch="False" />
            <line number="88" hits="0" branch="False" />
            <line number="89" hits="0" branch="False" />
            <line number="90" hits="0" branch="False" />
          </lines>
        </class>
        <class name="bookstoreAPI.Migrations.InitialCreate" filename="Migrations\20230918174758_InitialCreate.Designer.cs" line-rate="0" branch-rate="1" complexity="1">
          <methods>
            <method name="BuildTargetModel" signature="(Microsoft.EntityFrameworkCore.ModelBuilder)" line-rate="0" branch-rate="1" complexity="1">
              <lines>
                <line number="18" hits="0" branch="False" />
                <line number="20" hits="0" branch="False" />
                <line number="21" hits="0" branch="False" />
                <line number="22" hits="0" branch="False" />
                <line number="24" hits="0" branch="False" />
                <line number="26" hits="0" branch="False" />
                <line number="27" hits="0" branch="False" />
                <line number="28" hits="0" branch="False" />
                <line number="29" hits="0" branch="False" />
                <line number="30" hits="0" branch="False" />
                <line number="31" hits="0" branch="False" />
                <line number="32" hits="0" branch="False" />
                <line number="33" hits="0" branch="False" />
                <line number="34" hits="0" branch="False" />
                <line number="35" hits="0" branch="False" />
                <line number="36" hits="0" branch="False" />
                <line number="37" hits="0" branch="False" />
                <line number="38" hits="0" branch="False" />
                <line number="39" hits="0" branch="False" />
                <line number="40" hits="0" branch="False" />
                <line number="41" hits="0" branch="False" />
                <line number="43" hits="0" branch="False" />
                <line number="44" hits="0" branch="False" />
                <line number="45" hits="0" branch="False" />
                <line number="46" hits="0" branch="False" />
                <line number="47" hits="0" branch="False" />
                <line number="48" hits="0" branch="False" />
                <line number="49" hits="0" branch="False" />
                <line number="50" hits="0" branch="False" />
                <line number="51" hits="0" branch="False" />
                <line number="52" hits="0" branch="False" />
                <line number="53" hits="0" branch="False" />
                <line number="54" hits="0" branch="False" />
                <line number="55" hits="0" branch="False" />
                <line number="56" hits="0" branch="False" />
                <line number="57" hits="0" branch="False" />
                <line number="58" hits="0" branch="False" />
                <line number="59" hits="0" branch="False" />
                <line number="60" hits="0" branch="False" />
                <line number="61" hits="0" branch="False" />
                <line number="62" hits="0" branch="False" />
                <line number="63" hits="0" branch="False" />
                <line number="64" hits="0" branch="False" />
                <line number="65" hits="0" branch="False" />
                <line number="66" hits="0" branch="False" />
                <line number="67" hits="0" branch="False" />
                <line number="68" hits="0" branch="False" />
                <line number="69" hits="0" branch="False" />
                <line number="70" hits="0" branch="False" />
                <line number="71" hits="0" branch="False" />
                <line number="72" hits="0" branch="False" />
                <line number="73" hits="0" branch="False" />
                <line number="74" hits="0" branch="False" />
                <line number="76" hits="0" branch="False" />
                <line number="77" hits="0" branch="False" />
                <line number="78" hits="0" branch="False" />
                <line number="79" hits="0" branch="False" />
                <line number="80" hits="0" branch="False" />
                <line number="81" hits="0" branch="False" />
                <line number="82" hits="0" branch="False" />
                <line number="83" hits="0" branch="False" />
                <line number="84" hits="0" branch="False" />
                <line number="85" hits="0" branch="False" />
                <line number="86" hits="0" branch="False" />
                <line number="87" hits="0" branch="False" />
                <line number="88" hits="0" branch="False" />
                <line number="89" hits="0" branch="False" />
                <line number="90" hits="0" branch="False" />
                <line number="91" hits="0" branch="False" />
                <line number="93" hits="0" branch="False" />
                <line number="94" hits="0" branch="False" />
                <line number="95" hits="0" branch="False" />
                <line number="96" hits="0" branch="False" />
                <line number="97" hits="0" branch="False" />
                <line number="98" hits="0" branch="False" />
                <line number="99" hits="0" branch="False" />
                <line number="100" hits="0" branch="False" />
                <line number="101" hits="0" branch="False" />
                <line number="102" hits="0" branch="False" />
                <line number="103" hits="0" branch="False" />
                <line number="104" hits="0" branch="False" />
                <line number="105" hits="0" branch="False" />
                <line number="106" hits="0" branch="False" />
                <line number="107" hits="0" branch="False" />
                <line number="108" hits="0" branch="False" />
                <line number="109" hits="0" branch="False" />
                <line number="110" hits="0" branch="False" />
                <line number="112" hits="0" branch="False" />
                <line number="113" hits="0" branch="False" />
                <line number="114" hits="0" branch="False" />
                <line number="115" hits="0" branch="False" />
                <line number="117" hits="0" branch="False" />
                <line number="118" hits="0" branch="False" />
                <line number="119" hits="0" branch="False" />
                <line number="120" hits="0" branch="False" />
                <line number="122" hits="0" branch="False" />
              </lines>
            </method>
          </methods>
          <lines>
            <line number="18" hits="0" branch="False" />
            <line number="20" hits="0" branch="False" />
            <line number="21" hits="0" branch="False" />
            <line number="22" hits="0" branch="False" />
            <line number="24" hits="0" branch="False" />
            <line number="26" hits="0" branch="False" />
            <line number="27" hits="0" branch="False" />
            <line number="28" hits="0" branch="False" />
            <line number="29" hits="0" branch="False" />
            <line number="30" hits="0" branch="False" />
            <line number="31" hits="0" branch="False" />
            <line number="32" hits="0" branch="False" />
            <line number="33" hits="0" branch="False" />
            <line number="34" hits="0" branch="False" />
            <line number="35" hits="0" branch="False" />
            <line number="36" hits="0" branch="False" />
            <line number="37" hits="0" branch="False" />
            <line number="38" hits="0" branch="False" />
            <line number="39" hits="0" branch="False" />
            <line number="40" hits="0" branch="False" />
            <line number="41" hits="0" branch="False" />
            <line number="43" hits="0" branch="False" />
            <line number="44" hits="0" branch="False" />
            <line number="45" hits="0" branch="False" />
            <line number="46" hits="0" branch="False" />
            <line number="47" hits="0" branch="False" />
            <line number="48" hits="0" branch="False" />
            <line number="49" hits="0" branch="False" />
            <line number="50" hits="0" branch="False" />
            <line number="51" hits="0" branch="False" />
            <line number="52" hits="0" branch="False" />
            <line number="53" hits="0" branch="False" />
            <line number="54" hits="0" branch="False" />
            <line number="55" hits="0" branch="False" />
            <line number="56" hits="0" branch="False" />
            <line number="57" hits="0" branch="False" />
            <line number="58" hits="0" branch="False" />
            <line number="59" hits="0" branch="False" />
            <line number="60" hits="0" branch="False" />
            <line number="61" hits="0" branch="False" />
            <line number="62" hits="0" branch="False" />
            <line number="63" hits="0" branch="False" />
            <line number="64" hits="0" branch="False" />
            <line number="65" hits="0" branch="False" />
            <line number="66" hits="0" branch="False" />
            <line number="67" hits="0" branch="False" />
            <line number="68" hits="0" branch="False" />
            <line number="69" hits="0" branch="False" />
            <line number="70" hits="0" branch="False" />
            <line number="71" hits="0" branch="False" />
            <line number="72" hits="0" branch="False" />
            <line number="73" hits="0" branch="False" />
            <line number="74" hits="0" branch="False" />
            <line number="76" hits="0" branch="False" />
            <line number="77" hits="0" branch="False" />
            <line number="78" hits="0" branch="False" />
            <line number="79" hits="0" branch="False" />
            <line number="80" hits="0" branch="False" />
            <line number="81" hits="0" branch="False" />
            <line number="82" hits="0" branch="False" />
            <line number="83" hits="0" branch="False" />
            <line number="84" hits="0" branch="False" />
            <line number="85" hits="0" branch="False" />
            <line number="86" hits="0" branch="False" />
            <line number="87" hits="0" branch="False" />
            <line number="88" hits="0" branch="False" />
            <line number="89" hits="0" branch="False" />
            <line number="90" hits="0" branch="False" />
            <line number="91" hits="0" branch="False" />
            <line number="93" hits="0" branch="False" />
            <line number="94" hits="0" branch="False" />
            <line number="95" hits="0" branch="False" />
            <line number="96" hits="0" branch="False" />
            <line number="97" hits="0" branch="False" />
            <line number="98" hits="0" branch="False" />
            <line number="99" hits="0" branch="False" />
            <line number="100" hits="0" branch="False" />
            <line number="101" hits="0" branch="False" />
            <line number="102" hits="0" branch="False" />
            <line number="103" hits="0" branch="False" />
            <line number="104" hits="0" branch="False" />
            <line number="105" hits="0" branch="False" />
            <line number="106" hits="0" branch="False" />
            <line number="107" hits="0" branch="False" />
            <line number="108" hits="0" branch="False" />
            <line number="109" hits="0" branch="False" />
            <line number="110" hits="0" branch="False" />
            <line number="112" hits="0" branch="False" />
            <line number="113" hits="0" branch="False" />
            <line number="114" hits="0" branch="False" />
            <line number="115" hits="0" branch="False" />
            <line number="117" hits="0" branch="False" />
            <line number="118" hits="0" branch="False" />
            <line number="119" hits="0" branch="False" />
            <line number="120" hits="0" branch="False" />
            <line number="122" hits="0" branch="False" />
          </lines>
        </class>
        <class name="bookstoreAPI.Migrations.refactoring" filename="Migrations\20230918183133_refactoring.cs" line-rate="0" branch-rate="1" complexity="2">
          <methods>
            <method name="Up" signature="(Microsoft.EntityFrameworkCore.Migrations.MigrationBuilder)" line-rate="0" branch-rate="1" complexity="1">
              <lines>
                <line number="12" hits="0" branch="False" />
                <line number="14" hits="0" branch="False" />
              </lines>
            </method>
            <method name="Down" signature="(Microsoft.EntityFrameworkCore.Migrations.MigrationBuilder)" line-rate="0" branch-rate="1" complexity="1">
              <lines>
                <line number="18" hits="0" branch="False" />
                <line number="20" hits="0" branch="False" />
              </lines>
            </method>
          </methods>
          <lines>
            <line number="12" hits="0" branch="False" />
            <line number="14" hits="0" branch="False" />
            <line number="18" hits="0" branch="False" />
            <line number="20" hits="0" branch="False" />
          </lines>
        </class>
        <class name="bookstoreAPI.Migrations.refactoring" filename="Migrations\20230918183133_refactoring.Designer.cs" line-rate="0" branch-rate="1" complexity="1">
          <methods>
            <method name="BuildTargetModel" signature="(Microsoft.EntityFrameworkCore.ModelBuilder)" line-rate="0" branch-rate="1" complexity="1">
              <lines>
                <line number="18" hits="0" branch="False" />
                <line number="20" hits="0" branch="False" />
                <line number="21" hits="0" branch="False" />
                <line number="22" hits="0" branch="False" />
                <line number="24" hits="0" branch="False" />
                <line number="26" hits="0" branch="False" />
                <line number="27" hits="0" branch="False" />
                <line number="28" hits="0" branch="False" />
                <line number="29" hits="0" branch="False" />
                <line number="30" hits="0" branch="False" />
                <line number="31" hits="0" branch="False" />
                <line number="32" hits="0" branch="False" />
                <line number="33" hits="0" branch="False" />
                <line number="34" hits="0" branch="False" />
                <line number="35" hits="0" branch="False" />
                <line number="36" hits="0" branch="False" />
                <line number="37" hits="0" branch="False" />
                <line number="38" hits="0" branch="False" />
                <line number="39" hits="0" branch="False" />
                <line number="40" hits="0" branch="False" />
                <line number="41" hits="0" branch="False" />
                <line number="43" hits="0" branch="False" />
                <line number="44" hits="0" branch="False" />
                <line number="45" hits="0" branch="False" />
                <line number="46" hits="0" branch="False" />
                <line number="47" hits="0" branch="False" />
                <line number="48" hits="0" branch="False" />
                <line number="49" hits="0" branch="False" />
                <line number="50" hits="0" branch="False" />
                <line number="51" hits="0" branch="False" />
                <line number="52" hits="0" branch="False" />
                <line number="53" hits="0" branch="False" />
                <line number="54" hits="0" branch="False" />
                <line number="55" hits="0" branch="False" />
                <line number="56" hits="0" branch="False" />
                <line number="57" hits="0" branch="False" />
                <line number="58" hits="0" branch="False" />
                <line number="59" hits="0" branch="False" />
                <line number="60" hits="0" branch="False" />
                <line number="61" hits="0" branch="False" />
                <line number="62" hits="0" branch="False" />
                <line number="63" hits="0" branch="False" />
                <line number="64" hits="0" branch="False" />
                <line number="65" hits="0" branch="False" />
                <line number="66" hits="0" branch="False" />
                <line number="67" hits="0" branch="False" />
                <line number="68" hits="0" branch="False" />
                <line number="69" hits="0" branch="False" />
                <line number="70" hits="0" branch="False" />
                <line number="71" hits="0" branch="False" />
                <line number="72" hits="0" branch="False" />
                <line number="73" hits="0" branch="False" />
                <line number="74" hits="0" branch="False" />
                <line number="76" hits="0" branch="False" />
                <line number="77" hits="0" branch="False" />
                <line number="78" hits="0" branch="False" />
                <line number="79" hits="0" branch="False" />
                <line number="80" hits="0" branch="False" />
                <line number="81" hits="0" branch="False" />
                <line number="82" hits="0" branch="False" />
                <line number="83" hits="0" branch="False" />
                <line number="84" hits="0" branch="False" />
                <line number="85" hits="0" branch="False" />
                <line number="86" hits="0" branch="False" />
                <line number="87" hits="0" branch="False" />
                <line number="88" hits="0" branch="False" />
                <line number="89" hits="0" branch="False" />
                <line number="90" hits="0" branch="False" />
                <line number="91" hits="0" branch="False" />
                <line number="93" hits="0" branch="False" />
                <line number="94" hits="0" branch="False" />
                <line number="95" hits="0" branch="False" />
                <line number="96" hits="0" branch="False" />
                <line number="97" hits="0" branch="False" />
                <line number="98" hits="0" branch="False" />
                <line number="99" hits="0" branch="False" />
                <line number="100" hits="0" branch="False" />
                <line number="101" hits="0" branch="False" />
                <line number="102" hits="0" branch="False" />
                <line number="103" hits="0" branch="False" />
                <line number="104" hits="0" branch="False" />
                <line number="105" hits="0" branch="False" />
                <line number="106" hits="0" branch="False" />
                <line number="107" hits="0" branch="False" />
                <line number="108" hits="0" branch="False" />
                <line number="109" hits="0" branch="False" />
                <line number="110" hits="0" branch="False" />
                <line number="112" hits="0" branch="False" />
              </lines>
            </method>
          </methods>
          <lines>
            <line number="18" hits="0" branch="False" />
            <line number="20" hits="0" branch="False" />
            <line number="21" hits="0" branch="False" />
            <line number="22" hits="0" branch="False" />
            <line number="24" hits="0" branch="False" />
            <line number="26" hits="0" branch="False" />
            <line number="27" hits="0" branch="False" />
            <line number="28" hits="0" branch="False" />
            <line number="29" hits="0" branch="False" />
            <line number="30" hits="0" branch="False" />
            <line number="31" hits="0" branch="False" />
            <line number="32" hits="0" branch="False" />
            <line number="33" hits="0" branch="False" />
            <line number="34" hits="0" branch="False" />
            <line number="35" hits="0" branch="False" />
            <line number="36" hits="0" branch="False" />
            <line number="37" hits="0" branch="False" />
            <line number="38" hits="0" branch="False" />
            <line number="39" hits="0" branch="False" />
            <line number="40" hits="0" branch="False" />
            <line number="41" hits="0" branch="False" />
            <line number="43" hits="0" branch="False" />
            <line number="44" hits="0" branch="False" />
            <line number="45" hits="0" branch="False" />
            <line number="46" hits="0" branch="False" />
            <line number="47" hits="0" branch="False" />
            <line number="48" hits="0" branch="False" />
            <line number="49" hits="0" branch="False" />
            <line number="50" hits="0" branch="False" />
            <line number="51" hits="0" branch="False" />
            <line number="52" hits="0" branch="False" />
            <line number="53" hits="0" branch="False" />
            <line number="54" hits="0" branch="False" />
            <line number="55" hits="0" branch="False" />
            <line number="56" hits="0" branch="False" />
            <line number="57" hits="0" branch="False" />
            <line number="58" hits="0" branch="False" />
            <line number="59" hits="0" branch="False" />
            <line number="60" hits="0" branch="False" />
            <line number="61" hits="0" branch="False" />
            <line number="62" hits="0" branch="False" />
            <line number="63" hits="0" branch="False" />
            <line number="64" hits="0" branch="False" />
            <line number="65" hits="0" branch="False" />
            <line number="66" hits="0" branch="False" />
            <line number="67" hits="0" branch="False" />
            <line number="68" hits="0" branch="False" />
            <line number="69" hits="0" branch="False" />
            <line number="70" hits="0" branch="False" />
            <line number="71" hits="0" branch="False" />
            <line number="72" hits="0" branch="False" />
            <line number="73" hits="0" branch="False" />
            <line number="74" hits="0" branch="False" />
            <line number="76" hits="0" branch="False" />
            <line number="77" hits="0" branch="False" />
            <line number="78" hits="0" branch="False" />
            <line number="79" hits="0" branch="False" />
            <line number="80" hits="0" branch="False" />
            <line number="81" hits="0" branch="False" />
            <line number="82" hits="0" branch="False" />
            <line number="83" hits="0" branch="False" />
            <line number="84" hits="0" branch="False" />
            <line number="85" hits="0" branch="False" />
            <line number="86" hits="0" branch="False" />
            <line number="87" hits="0" branch="False" />
            <line number="88" hits="0" branch="False" />
            <line number="89" hits="0" branch="False" />
            <line number="90" hits="0" branch="False" />
            <line number="91" hits="0" branch="False" />
            <line number="93" hits="0" branch="False" />
            <line number="94" hits="0" branch="False" />
            <line number="95" hits="0" branch="False" />
            <line number="96" hits="0" branch="False" />
            <line number="97" hits="0" branch="False" />
            <line number="98" hits="0" branch="False" />
            <line number="99" hits="0" branch="False" />
            <line number="100" hits="0" branch="False" />
            <line number="101" hits="0" branch="False" />
            <line number="102" hits="0" branch="False" />
            <line number="103" hits="0" branch="False" />
            <line number="104" hits="0" branch="False" />
            <line number="105" hits="0" branch="False" />
            <line number="106" hits="0" branch="False" />
            <line number="107" hits="0" branch="False" />
            <line number="108" hits="0" branch="False" />
            <line number="109" hits="0" branch="False" />
            <line number="110" hits="0" branch="False" />
            <line number="112" hits="0" branch="False" />
          </lines>
        </class>
        <class name="bookstoreAPI.Migrations.BookstoreContextModelSnapshot" filename="Migrations\BookstoreContextModelSnapshot.cs" line-rate="0" branch-rate="1" complexity="1">
          <methods>
            <method name="BuildModel" signature="(Microsoft.EntityFrameworkCore.ModelBuilder)" line-rate="0" branch-rate="1" complexity="1">
              <lines>
                <line number="15" hits="0" branch="False" />
                <line number="17" hits="0" branch="False" />
                <line number="18" hits="0" branch="False" />
                <line number="19" hits="0" branch="False" />
                <line number="21" hits="0" branch="False" />
                <line number="23" hits="0" branch="False" />
                <line number="24" hits="0" branch="False" />
                <line number="25" hits="0" branch="False" />
                <line number="26" hits="0" branch="False" />
                <line number="27" hits="0" branch="False" />
                <line number="28" hits="0" branch="False" />
                <line number="29" hits="0" branch="False" />
                <line number="30" hits="0" branch="False" />
                <line number="31" hits="0" branch="False" />
                <line number="32" hits="0" branch="False" />
                <line number="33" hits="0" branch="False" />
                <line number="34" hits="0" branch="False" />
                <line number="35" hits="0" branch="False" />
                <line number="36" hits="0" branch="False" />
                <line number="37" hits="0" branch="False" />
                <line number="38" hits="0" branch="False" />
                <line number="40" hits="0" branch="False" />
                <line number="41" hits="0" branch="False" />
                <line number="42" hits="0" branch="False" />
                <line number="43" hits="0" branch="False" />
                <line number="44" hits="0" branch="False" />
                <line number="45" hits="0" branch="False" />
                <line number="46" hits="0" branch="False" />
                <line number="47" hits="0" branch="False" />
                <line number="48" hits="0" branch="False" />
                <line number="49" hits="0" branch="False" />
                <line number="50" hits="0" branch="False" />
                <line number="51" hits="0" branch="False" />
                <line number="52" hits="0" branch="False" />
                <line number="53" hits="0" branch="False" />
                <line number="54" hits="0" branch="False" />
                <line number="55" hits="0" branch="False" />
                <line number="56" hits="0" branch="False" />
                <line number="57" hits="0" branch="False" />
                <line number="58" hits="0" branch="False" />
                <line number="59" hits="0" branch="False" />
                <line number="60" hits="0" branch="False" />
                <line number="61" hits="0" branch="False" />
                <line number="62" hits="0" branch="False" />
                <line number="63" hits="0" branch="False" />
                <line number="64" hits="0" branch="False" />
                <line number="65" hits="0" branch="False" />
                <line number="66" hits="0" branch="False" />
                <line number="67" hits="0" branch="False" />
                <line number="68" hits="0" branch="False" />
                <line number="69" hits="0" branch="False" />
                <line number="70" hits="0" branch="False" />
                <line number="71" hits="0" branch="False" />
                <line number="73" hits="0" branch="False" />
                <line number="74" hits="0" branch="False" />
                <line number="75" hits="0" branch="False" />
                <line number="76" hits="0" branch="False" />
                <line number="77" hits="0" branch="False" />
                <line number="78" hits="0" branch="False" />
                <line number="79" hits="0" branch="False" />
                <line number="80" hits="0" branch="False" />
                <line number="81" hits="0" branch="False" />
                <line number="82" hits="0" branch="False" />
                <line number="83" hits="0" branch="False" />
                <line number="84" hits="0" branch="False" />
                <line number="85" hits="0" branch="False" />
                <line number="86" hits="0" branch="False" />
                <line number="87" hits="0" branch="False" />
                <line number="88" hits="0" branch="False" />
                <line number="90" hits="0" branch="False" />
                <line number="91" hits="0" branch="False" />
                <line number="92" hits="0" branch="False" />
                <line number="93" hits="0" branch="False" />
                <line number="94" hits="0" branch="False" />
                <line number="95" hits="0" branch="False" />
                <line number="96" hits="0" branch="False" />
                <line number="97" hits="0" branch="False" />
                <line number="98" hits="0" branch="False" />
                <line number="99" hits="0" branch="False" />
                <line number="100" hits="0" branch="False" />
                <line number="101" hits="0" branch="False" />
                <line number="102" hits="0" branch="False" />
                <line number="103" hits="0" branch="False" />
                <line number="104" hits="0" branch="False" />
                <line number="105" hits="0" branch="False" />
                <line number="106" hits="0" branch="False" />
                <line number="107" hits="0" branch="False" />
                <line number="109" hits="0" branch="False" />
              </lines>
            </method>
          </methods>
          <lines>
            <line number="15" hits="0" branch="False" />
            <line number="17" hits="0" branch="False" />
            <line number="18" hits="0" branch="False" />
            <line number="19" hits="0" branch="False" />
            <line number="21" hits="0" branch="False" />
            <line number="23" hits="0" branch="False" />
            <line number="24" hits="0" branch="False" />
            <line number="25" hits="0" branch="False" />
            <line number="26" hits="0" branch="False" />
            <line number="27" hits="0" branch="False" />
            <line number="28" hits="0" branch="False" />
            <line number="29" hits="0" branch="False" />
            <line number="30" hits="0" branch="False" />
            <line number="31" hits="0" branch="False" />
            <line number="32" hits="0" branch="False" />
            <line number="33" hits="0" branch="False" />
            <line number="34" hits="0" branch="False" />
            <line number="35" hits="0" branch="False" />
            <line number="36" hits="0" branch="False" />
            <line number="37" hits="0" branch="False" />
            <line number="38" hits="0" branch="False" />
            <line number="40" hits="0" branch="False" />
            <line number="41" hits="0" branch="False" />
            <line number="42" hits="0" branch="False" />
            <line number="43" hits="0" branch="False" />
            <line number="44" hits="0" branch="False" />
            <line number="45" hits="0" branch="False" />
            <line number="46" hits="0" branch="False" />
            <line number="47" hits="0" branch="False" />
            <line number="48" hits="0" branch="False" />
            <line number="49" hits="0" branch="False" />
            <line number="50" hits="0" branch="False" />
            <line number="51" hits="0" branch="False" />
            <line number="52" hits="0" branch="False" />
            <line number="53" hits="0" branch="False" />
            <line number="54" hits="0" branch="False" />
            <line number="55" hits="0" branch="False" />
            <line number="56" hits="0" branch="False" />
            <line number="57" hits="0" branch="False" />
            <line number="58" hits="0" branch="False" />
            <line number="59" hits="0" branch="False" />
            <line number="60" hits="0" branch="False" />
            <line number="61" hits="0" branch="False" />
            <line number="62" hits="0" branch="False" />
            <line number="63" hits="0" branch="False" />
            <line number="64" hits="0" branch="False" />
            <line number="65" hits="0" branch="False" />
            <line number="66" hits="0" branch="False" />
            <line number="67" hits="0" branch="False" />
            <line number="68" hits="0" branch="False" />
            <line number="69" hits="0" branch="False" />
            <line number="70" hits="0" branch="False" />
            <line number="71" hits="0" branch="False" />
            <line number="73" hits="0" branch="False" />
            <line number="74" hits="0" branch="False" />
            <line number="75" hits="0" branch="False" />
            <line number="76" hits="0" branch="False" />
            <line number="77" hits="0" branch="False" />
            <line number="78" hits="0" branch="False" />
            <line number="79" hits="0" branch="False" />
            <line number="80" hits="0" branch="False" />
            <line number="81" hits="0" branch="False" />
            <line number="82" hits="0" branch="False" />
            <line number="83" hits="0" branch="False" />
            <line number="84" hits="0" branch="False" />
            <line number="85" hits="0" branch="False" />
            <line number="86" hits="0" branch="False" />
            <line number="87" hits="0" branch="False" />
            <line number="88" hits="0" branch="False" />
            <line number="90" hits="0" branch="False" />
            <line number="91" hits="0" branch="False" />
            <line number="92" hits="0" branch="False" />
            <line number="93" hits="0" branch="False" />
            <line number="94" hits="0" branch="False" />
            <line number="95" hits="0" branch="False" />
            <line number="96" hits="0" branch="False" />
            <line number="97" hits="0" branch="False" />
            <line number="98" hits="0" branch="False" />
            <line number="99" hits="0" branch="False" />
            <line number="100" hits="0" branch="False" />
            <line number="101" hits="0" branch="False" />
            <line number="102" hits="0" branch="False" />
            <line number="103" hits="0" branch="False" />
            <line number="104" hits="0" branch="False" />
            <line number="105" hits="0" branch="False" />
            <line number="106" hits="0" branch="False" />
            <line number="107" hits="0" branch="False" />
            <line number="109" hits="0" branch="False" />
          </lines>
        </class>
        <class name="bookstoreAPI.Data.BookstoreContextFactory" filename="Data\BookstoreContextFactory.cs" line-rate="0" branch-rate="1" complexity="1">
          <methods>
            <method name="CreateDbContext" signature="(System.String[])" line-rate="0" branch-rate="1" complexity="1">
              <lines>
                <line number="9" hits="0" branch="False" />
                <line number="10" hits="0" branch="False" />
                <line number="11" hits="0" branch="False" />
                <line number="12" hits="0" branch="False" />
                <line number="13" hits="0" branch="False" />
                <line number="15" hits="0" branch="False" />
                <line number="16" hits="0" branch="False" />
                <line number="18" hits="0" branch="False" />
                <line number="19" hits="0" branch="False" />
              </lines>
            </method>
          </methods>
          <lines>
            <line number="9" hits="0" branch="False" />
            <line number="10" hits="0" branch="False" />
            <line number="11" hits="0" branch="False" />
            <line number="12" hits="0" branch="False" />
            <line number="13" hits="0" branch="False" />
            <line number="15" hits="0" branch="False" />
            <line number="16" hits="0" branch="False" />
            <line number="18" hits="0" branch="False" />
            <line number="19" hits="0" branch="False" />
          </lines>
        </class>
        <class name="bookstoreAPI.Controllers.AuthorsController" filename="Controllers\AuthorsController.cs" line-rate="1" branch-rate="0.5" complexity="3">
          <methods>
            <method name="AuthorExists" signature="(System.String)" line-rate="1" branch-rate="0.5" complexity="2">
              <lines>
                <line number="125" hits="2" branch="False" />
                <line number="126" hits="2" branch="True" condition-coverage="50% (1/2)">
                  <conditions>
                    <condition number="26" type="jump" coverage="50%" />
                  </conditions>
                </line>
                <line number="127" hits="2" branch="False" />
              </lines>
            </method>
            <method name=".ctor" signature="(BookstoreContext)" line-rate="1" branch-rate="1" complexity="1">
              <lines>
                <line number="19" hits="11" branch="False" />
                <line number="20" hits="11" branch="False" />
                <line number="21" hits="11" branch="False" />
                <line number="22" hits="11" branch="False" />
              </lines>
            </method>
          </methods>
          <lines>
            <line number="125" hits="2" branch="False" />
            <line number="126" hits="2" branch="True" condition-coverage="50% (1/2)">
              <conditions>
                <condition number="26" type="jump" coverage="50%" />
              </conditions>
            </line>
            <line number="127" hits="2" branch="False" />
            <line number="19" hits="11" branch="False" />
            <line number="20" hits="11" branch="False" />
            <line number="21" hits="11" branch="False" />
            <line number="22" hits="11" branch="False" />
          </lines>
        </class>
        <class name="bookstoreAPI.Controllers.AuthorsController/&lt;DeleteAuthor&gt;d__6" filename="Controllers\AuthorsController.cs" line-rate="0.6666" branch-rate="0.5" complexity="4">
          <methods>
            <method name="MoveNext" signature="()" line-rate="0.6666" branch-rate="0.5" complexity="4">
              <lines>
                <line number="107" hits="1" branch="False" />
                <line number="108" hits="1" branch="True" condition-coverage="50% (1/2)">
                  <conditions>
                    <condition number="50" type="jump" coverage="50%" />
                  </conditions>
                </line>
                <line number="109" hits="0" branch="False" />
                <line number="110" hits="0" branch="False" />
                <line number="112" hits="1" branch="False" />
                <line number="113" hits="1" branch="True" condition-coverage="50% (1/2)">
                  <conditions>
                    <condition number="243" type="jump" coverage="50%" />
                  </conditions>
                </line>
                <line number="114" hits="0" branch="False" />
                <line number="115" hits="0" branch="False" />
                <line number="118" hits="1" branch="False" />
                <line number="119" hits="1" branch="False" />
                <line number="121" hits="1" branch="False" />
                <line number="122" hits="1" branch="False" />
              </lines>
            </method>
          </methods>
          <lines>
            <line number="107" hits="1" branch="False" />
            <line number="108" hits="1" branch="True" condition-coverage="50% (1/2)">
              <conditions>
                <condition number="50" type="jump" coverage="50%" />
              </conditions>
            </line>
            <line number="109" hits="0" branch="False" />
            <line number="110" hits="0" branch="False" />
            <line number="112" hits="1" branch="False" />
            <line number="113" hits="1" branch="True" condition-coverage="50% (1/2)">
              <conditions>
                <condition number="243" type="jump" coverage="50%" />
              </conditions>
            </line>
            <line number="114" hits="0" branch="False" />
            <line number="115" hits="0" branch="False" />
            <line number="118" hits="1" branch="False" />
            <line number="119" hits="1" branch="False" />
            <line number="121" hits="1" branch="False" />
            <line number="122" hits="1" branch="False" />
          </lines>
        </class>
        <class name="bookstoreAPI.Controllers.AuthorsController/&lt;GetAuthor&gt;d__3" filename="Controllers\AuthorsController.cs" line-rate="0.8" branch-rate="0.75" complexity="4">
          <methods>
            <method name="MoveNext" signature="()" line-rate="0.8" branch-rate="0.75" complexity="4">
              <lines>
                <line number="38" hits="3" branch="False" />
                <line number="39" hits="3" branch="True" condition-coverage="50% (1/2)">
                  <conditions>
                    <condition number="39" type="jump" coverage="50%" />
                  </conditions>
                </line>
                <line number="40" hits="0" branch="False" />
                <line number="41" hits="0" branch="False" />
                <line number="43" hits="3" branch="False" />
                <line number="45" hits="3" branch="True" condition-coverage="100% (2/2)">
                  <conditions>
                    <condition number="237" type="jump" coverage="100%" />
                  </conditions>
                </line>
                <line number="46" hits="1" branch="False" />
                <line number="47" hits="1" branch="False" />
                <line number="50" hits="2" branch="False" />
                <line number="51" hits="3" branch="False" />
              </lines>
            </method>
          </methods>
          <lines>
            <line number="38" hits="3" branch="False" />
            <line number="39" hits="3" branch="True" condition-coverage="50% (1/2)">
              <conditions>
                <condition number="39" type="jump" coverage="50%" />
              </conditions>
            </line>
            <line number="40" hits="0" branch="False" />
            <line number="41" hits="0" branch="False" />
            <line number="43" hits="3" branch="False" />
            <line number="45" hits="3" branch="True" condition-coverage="100% (2/2)">
              <conditions>
                <condition number="237" type="jump" coverage="100%" />
              </conditions>
            </line>
            <line number="46" hits="1" branch="False" />
            <line number="47" hits="1" branch="False" />
            <line number="50" hits="2" branch="False" />
            <line number="51" hits="3" branch="False" />
          </lines>
        </class>
        <class name="bookstoreAPI.Controllers.AuthorsController/&lt;GetAuthors&gt;d__2" filename="Controllers\AuthorsController.cs" line-rate="0.6666" branch-rate="0.5" complexity="2">
          <methods>
            <method name="MoveNext" signature="()" line-rate="0.6666" branch-rate="0.5" complexity="2">
              <lines>
                <line number="27" hits="4" branch="False" />
                <line number="28" hits="4" branch="True" condition-coverage="50% (1/2)">
                  <conditions>
                    <condition number="39" type="jump" coverage="50%" />
                  </conditions>
                </line>
                <line number="29" hits="0" branch="False" />
                <line number="30" hits="0" branch="False" />
                <line number="32" hits="4" branch="False" />
                <line number="33" hits="4" branch="False" />
              </lines>
            </method>
          </methods>
          <lines>
            <line number="27" hits="4" branch="False" />
            <line number="28" hits="4" branch="True" condition-coverage="50% (1/2)">
              <conditions>
                <condition number="39" type="jump" coverage="50%" />
              </conditions>
            </line>
            <line number="29" hits="0" branch="False" />
            <line number="30" hits="0" branch="False" />
            <line number="32" hits="4" branch="False" />
            <line number="33" hits="4" branch="False" />
          </lines>
        </class>
        <class name="bookstoreAPI.Controllers.AuthorsController/&lt;PostAuthor&gt;d__5" filename="Controllers\AuthorsController.cs" line-rate="0.6363" branch-rate="0.5" complexity="4">
          <methods>
            <method name="MoveNext" signature="()" line-rate="0.6363" branch-rate="0.5" complexity="4">
              <lines>
                <line number="86" hits="2" branch="False" />
                <line number="87" hits="2" branch="True" condition-coverage="50% (1/2)">
                  <conditions>
                    <condition number="39" type="jump" coverage="50%" />
                  </conditions>
                </line>
                <line number="88" hits="0" branch="False" />
                <line number="89" hits="0" branch="False" />
                <line number="93" hits="2" branch="True" condition-coverage="50% (1/2)">
                  <conditions>
                    <condition number="107" type="jump" coverage="50%" />
                  </conditions>
                </line>
                <line number="94" hits="0" branch="False" />
                <line number="95" hits="0" branch="False" />
                <line number="98" hits="2" branch="False" />
                <line number="99" hits="2" branch="False" />
                <line number="101" hits="2" branch="False" />
                <line number="102" hits="2" branch="False" />
              </lines>
            </method>
          </methods>
          <lines>
            <line number="86" hits="2" branch="False" />
            <line number="87" hits="2" branch="True" condition-coverage="50% (1/2)">
              <conditions>
                <condition number="39" type="jump" coverage="50%" />
              </conditions>
            </line>
            <line number="88" hits="0" branch="False" />
            <line number="89" hits="0" branch="False" />
            <line number="93" hits="2" branch="True" condition-coverage="50% (1/2)">
              <conditions>
                <condition number="107" type="jump" coverage="50%" />
              </conditions>
            </line>
            <line number="94" hits="0" branch="False" />
            <line number="95" hits="0" branch="False" />
            <line number="98" hits="2" branch="False" />
            <line number="99" hits="2" branch="False" />
            <line number="101" hits="2" branch="False" />
            <line number="102" hits="2" branch="False" />
          </lines>
        </class>
        <class name="bookstoreAPI.Controllers.AuthorsController/&lt;PutAuthor&gt;d__4" filename="Controllers\AuthorsController.cs" line-rate="0.4705" branch-rate="0.25" complexity="4">
          <methods>
            <method name="MoveNext" signature="()" line-rate="0.4705" branch-rate="0.25" complexity="4">
              <lines>
                <line number="56" hits="1" branch="False" />
                <line number="57" hits="1" branch="True" condition-coverage="50% (1/2)">
                  <conditions>
                    <condition number="39" type="jump" coverage="50%" />
                  </conditions>
                </line>
                <line number="58" hits="0" branch="False" />
                <line number="59" hits="0" branch="False" />
                <line number="62" hits="1" branch="False" />
                <line number="65" hits="1" branch="False" />
                <line number="66" hits="1" branch="False" />
                <line number="67" hits="1" branch="False" />
                <line number="68" hits="0" branch="False" />
                <line number="69" hits="0" branch="False" />
                <line number="70" hits="0" branch="True" condition-coverage="0% (0/2)">
                  <conditions>
                    <condition number="248" type="jump" coverage="0%" />
                  </conditions>
                </line>
                <line number="71" hits="0" branch="False" />
                <line number="72" hits="0" branch="False" />
                <line number="75" hits="0" branch="False" />
                <line number="76" hits="0" branch="False" />
                <line number="80" hits="1" branch="False" />
                <line number="81" hits="1" branch="False" />
              </lines>
            </method>
          </methods>
          <lines>
            <line number="56" hits="1" branch="False" />
            <line number="57" hits="1" branch="True" condition-coverage="50% (1/2)">
              <conditions>
                <condition number="39" type="jump" coverage="50%" />
              </conditions>
            </line>
            <line number="58" hits="0" branch="False" />
            <line number="59" hits="0" branch="False" />
            <line number="62" hits="1" branch="False" />
            <line number="65" hits="1" branch="False" />
            <line number="66" hits="1" branch="False" />
            <line number="67" hits="1" branch="False" />
            <line number="68" hits="0" branch="False" />
            <line number="69" hits="0" branch="False" />
            <line number="70" hits="0" branch="True" condition-coverage="0% (0/2)">
              <conditions>
                <condition number="248" type="jump" coverage="0%" />
              </conditions>
            </line>
            <line number="71" hits="0" branch="False" />
            <line number="72" hits="0" branch="False" />
            <line number="75" hits="0" branch="False" />
            <line number="76" hits="0" branch="False" />
            <line number="80" hits="1" branch="False" />
            <line number="81" hits="1" branch="False" />
          </lines>
        </class>
        <class name="bookstoreAPI.Controllers.BooksController" filename="Controllers\BooksController.cs" line-rate="0.5714" branch-rate="0" complexity="3">
          <methods>
            <method name="BookExists" signature="(System.Int32)" line-rate="0" branch-rate="0" complexity="2">
              <lines>
                <line number="138" hits="0" branch="False" />
                <line number="139" hits="0" branch="True" condition-coverage="0% (0/2)">
                  <conditions>
                    <condition number="26" type="jump" coverage="0%" />
                  </conditions>
                </line>
                <line number="140" hits="0" branch="False" />
              </lines>
            </method>
            <method name=".ctor" signature="(BookstoreContext)" line-rate="1" branch-rate="1" complexity="1">
              <lines>
                <line number="18" hits="11" branch="False" />
                <line number="19" hits="11" branch="False" />
                <line number="20" hits="11" branch="False" />
                <line number="21" hits="11" branch="False" />
              </lines>
            </method>
          </methods>
          <lines>
            <line number="138" hits="0" branch="False" />
            <line number="139" hits="0" branch="True" condition-coverage="0% (0/2)">
              <conditions>
                <condition number="26" type="jump" coverage="0%" />
              </conditions>
            </line>
            <line number="140" hits="0" branch="False" />
            <line number="18" hits="11" branch="False" />
            <line number="19" hits="11" branch="False" />
            <line number="20" hits="11" branch="False" />
            <line number="21" hits="11" branch="False" />
          </lines>
        </class>
        <class name="bookstoreAPI.Controllers.BooksController/&lt;DeleteBook&gt;d__6" filename="Controllers\BooksController.cs" line-rate="0.6666" branch-rate="0.5" complexity="4">
          <methods>
            <method name="MoveNext" signature="()" line-rate="0.6666" branch-rate="0.5" complexity="4">
              <lines>
                <line number="120" hits="1" branch="False" />
                <line number="121" hits="1" branch="True" condition-coverage="50% (1/2)">
                  <conditions>
                    <condition number="50" type="jump" coverage="50%" />
                  </conditions>
                </line>
                <line number="122" hits="0" branch="False" />
                <line number="123" hits="0" branch="False" />
                <line number="125" hits="1" branch="False" />
                <line number="126" hits="1" branch="True" condition-coverage="50% (1/2)">
                  <conditions>
                    <condition number="243" type="jump" coverage="50%" />
                  </conditions>
                </line>
                <line number="127" hits="0" branch="False" />
                <line number="128" hits="0" branch="False" />
                <line number="131" hits="1" branch="False" />
                <line number="132" hits="1" branch="False" />
                <line number="134" hits="1" branch="False" />
                <line number="135" hits="1" branch="False" />
              </lines>
            </method>
          </methods>
          <lines>
            <line number="120" hits="1" branch="False" />
            <line number="121" hits="1" branch="True" condition-coverage="50% (1/2)">
              <conditions>
                <condition number="50" type="jump" coverage="50%" />
              </conditions>
            </line>
            <line number="122" hits="0" branch="False" />
            <line number="123" hits="0" branch="False" />
            <line number="125" hits="1" branch="False" />
            <line number="126" hits="1" branch="True" condition-coverage="50% (1/2)">
              <conditions>
                <condition number="243" type="jump" coverage="50%" />
              </conditions>
            </line>
            <line number="127" hits="0" branch="False" />
            <line number="128" hits="0" branch="False" />
            <line number="131" hits="1" branch="False" />
            <line number="132" hits="1" branch="False" />
            <line number="134" hits="1" branch="False" />
            <line number="135" hits="1" branch="False" />
          </lines>
        </class>
        <class name="bookstoreAPI.Controllers.BooksController/&lt;GetBook&gt;d__3" filename="Controllers\BooksController.cs" line-rate="1" branch-rate="1" complexity="2">
          <methods>
            <method name="MoveNext" signature="()" line-rate="1" branch-rate="1" complexity="2">
              <lines>
                <line number="50" hits="4" branch="False" />
                <line number="51" hits="4" branch="False" />
                <line number="53" hits="4" branch="True" condition-coverage="100% (2/2)">
                  <conditions>
                    <condition number="427" type="jump" coverage="100%" />
                  </conditions>
                </line>
                <line number="54" hits="1" branch="False" />
                <line number="55" hits="1" branch="False" />
                <line number="58" hits="3" branch="False" />
                <line number="59" hits="4" branch="False" />
              </lines>
            </method>
          </methods>
          <lines>
            <line number="50" hits="4" branch="False" />
            <line number="51" hits="4" branch="False" />
            <line number="53" hits="4" branch="True" condition-coverage="100% (2/2)">
              <conditions>
                <condition number="427" type="jump" coverage="100%" />
              </conditions>
            </line>
            <line number="54" hits="1" branch="False" />
            <line number="55" hits="1" branch="False" />
            <line number="58" hits="3" branch="False" />
            <line number="59" hits="4" branch="False" />
          </lines>
        </class>
        <class name="bookstoreAPI.Controllers.BooksController/&lt;GetBooks&gt;d__2" filename="Controllers\BooksController.cs" line-rate="1" branch-rate="1" complexity="6">
          <methods>
            <method name="MoveNext" signature="()" line-rate="1" branch-rate="1" complexity="6">
              <lines>
                <line number="26" hits="1" branch="False" />
                <line number="27" hits="1" branch="False" />
                <line number="29" hits="1" branch="True" condition-coverage="100% (2/2)">
                  <conditions>
                    <condition number="128" type="jump" coverage="100%" />
                  </conditions>
                </line>
                <line number="30" hits="1" branch="False" />
                <line number="31" hits="1" branch="False" />
                <line number="32" hits="1" branch="False" />
                <line number="34" hits="1" branch="True" condition-coverage="100% (2/2)">
                  <conditions>
                    <condition number="297" type="jump" coverage="100%" />
                  </conditions>
                </line>
                <line number="35" hits="1" branch="False" />
                <line number="36" hits="1" branch="False" />
                <line number="37" hits="1" branch="False" />
                <line number="39" hits="1" branch="True" condition-coverage="100% (2/2)">
                  <conditions>
                    <condition number="486" type="jump" coverage="100%" />
                  </conditions>
                </line>
                <line number="40" hits="1" branch="False" />
                <line number="41" hits="1" branch="False" />
                <line number="42" hits="1" branch="False" />
                <line number="44" hits="1" branch="False" />
                <line number="45" hits="1" branch="False" />
              </lines>
            </method>
          </methods>
          <lines>
            <line number="26" hits="1" branch="False" />
            <line number="27" hits="1" branch="False" />
            <line number="29" hits="1" branch="True" condition-coverage="100% (2/2)">
              <conditions>
                <condition number="128" type="jump" coverage="100%" />
              </conditions>
            </line>
            <line number="30" hits="1" branch="False" />
            <line number="31" hits="1" branch="False" />
            <line number="32" hits="1" branch="False" />
            <line number="34" hits="1" branch="True" condition-coverage="100% (2/2)">
              <conditions>
                <condition number="297" type="jump" coverage="100%" />
              </conditions>
            </line>
            <line number="35" hits="1" branch="False" />
            <line number="36" hits="1" branch="False" />
            <line number="37" hits="1" branch="False" />
            <line number="39" hits="1" branch="True" condition-coverage="100% (2/2)">
              <conditions>
                <condition number="486" type="jump" coverage="100%" />
              </conditions>
            </line>
            <line number="40" hits="1" branch="False" />
            <line number="41" hits="1" branch="False" />
            <line number="42" hits="1" branch="False" />
            <line number="44" hits="1" branch="False" />
            <line number="45" hits="1" branch="False" />
          </lines>
        </class>
        <class name="bookstoreAPI.Controllers.BooksController/&lt;PostBook&gt;d__5" filename="Controllers\BooksController.cs" line-rate="0.875" branch-rate="0.8332999999999999" complexity="6">
          <methods>
            <method name="MoveNext" signature="()" line-rate="0.875" branch-rate="0.8332999999999999" complexity="6">
              <lines>
                <line number="95" hits="4" branch="False" />
                <line number="96" hits="4" branch="True" condition-coverage="50% (1/2)">
                  <conditions>
                    <condition number="92" type="jump" coverage="50%" />
                  </conditions>
                </line>
                <line number="97" hits="0" branch="False" />
                <line number="98" hits="0" branch="False" />
                <line number="101" hits="4" branch="True" condition-coverage="100% (2/2)">
                  <conditions>
                    <condition number="300" type="jump" coverage="100%" />
                  </conditions>
                </line>
                <line number="102" hits="2" branch="False" />
                <line number="103" hits="2" branch="False" />
                <line number="104" hits="2" branch="False" />
                <line number="106" hits="4" branch="True" condition-coverage="100% (2/2)">
                  <conditions>
                    <condition number="793" type="jump" coverage="100%" />
                  </conditions>
                </line>
                <line number="107" hits="2" branch="False" />
                <line number="108" hits="2" branch="False" />
                <line number="109" hits="2" branch="False" />
                <line number="111" hits="4" branch="False" />
                <line number="112" hits="4" branch="False" />
                <line number="114" hits="4" branch="False" />
                <line number="115" hits="4" branch="False" />
              </lines>
            </method>
          </methods>
          <lines>
            <line number="95" hits="4" branch="False" />
            <line number="96" hits="4" branch="True" condition-coverage="50% (1/2)">
              <conditions>
                <condition number="92" type="jump" coverage="50%" />
              </conditions>
            </line>
            <line number="97" hits="0" branch="False" />
            <line number="98" hits="0" branch="False" />
            <line number="101" hits="4" branch="True" condition-coverage="100% (2/2)">
              <conditions>
                <condition number="300" type="jump" coverage="100%" />
              </conditions>
            </line>
            <line number="102" hits="2" branch="False" />
            <line number="103" hits="2" branch="False" />
            <line number="104" hits="2" branch="False" />
            <line number="106" hits="4" branch="True" condition-coverage="100% (2/2)">
              <conditions>
                <condition number="793" type="jump" coverage="100%" />
              </conditions>
            </line>
            <line number="107" hits="2" branch="False" />
            <line number="108" hits="2" branch="False" />
            <line number="109" hits="2" branch="False" />
            <line number="111" hits="4" branch="False" />
            <line number="112" hits="4" branch="False" />
            <line number="114" hits="4" branch="False" />
            <line number="115" hits="4" branch="False" />
          </lines>
        </class>
        <class name="bookstoreAPI.Controllers.BooksController/&lt;PutBook&gt;d__4" filename="Controllers\BooksController.cs" line-rate="0.4705" branch-rate="0.25" complexity="4">
          <methods>
            <method name="MoveNext" signature="()" line-rate="0.4705" branch-rate="0.25" complexity="4">
              <lines>
                <line number="65" hits="1" branch="False" />
                <line number="66" hits="1" branch="True" condition-coverage="50% (1/2)">
                  <conditions>
                    <condition number="39" type="jump" coverage="50%" />
                  </conditions>
                </line>
                <line number="67" hits="0" branch="False" />
                <line number="68" hits="0" branch="False" />
                <line number="71" hits="1" branch="False" />
                <line number="74" hits="1" branch="False" />
                <line number="75" hits="1" branch="False" />
                <line number="76" hits="1" branch="False" />
                <line number="77" hits="0" branch="False" />
                <line number="78" hits="0" branch="False" />
                <line number="79" hits="0" branch="True" condition-coverage="0% (0/2)">
                  <conditions>
                    <condition number="243" type="jump" coverage="0%" />
                  </conditions>
                </line>
                <line number="80" hits="0" branch="False" />
                <line number="81" hits="0" branch="False" />
                <line number="84" hits="0" branch="False" />
                <line number="85" hits="0" branch="False" />
                <line number="89" hits="1" branch="False" />
                <line number="90" hits="1" branch="False" />
              </lines>
            </method>
          </methods>
          <lines>
            <line number="65" hits="1" branch="False" />
            <line number="66" hits="1" branch="True" condition-coverage="50% (1/2)">
              <conditions>
                <condition number="39" type="jump" coverage="50%" />
              </conditions>
            </line>
            <line number="67" hits="0" branch="False" />
            <line number="68" hits="0" branch="False" />
            <line number="71" hits="1" branch="False" />
            <line number="74" hits="1" branch="False" />
            <line number="75" hits="1" branch="False" />
            <line number="76" hits="1" branch="False" />
            <line number="77" hits="0" branch="False" />
            <line number="78" hits="0" branch="False" />
            <line number="79" hits="0" branch="True" condition-coverage="0% (0/2)">
              <conditions>
                <condition number="243" type="jump" coverage="0%" />
              </conditions>
            </line>
            <line number="80" hits="0" branch="False" />
            <line number="81" hits="0" branch="False" />
            <line number="84" hits="0" branch="False" />
            <line number="85" hits="0" branch="False" />
            <line number="89" hits="1" branch="False" />
            <line number="90" hits="1" branch="False" />
          </lines>
        </class>
        <class name="bookstoreAPI.Controllers.GenresController" filename="Controllers\GenresController.cs" line-rate="1" branch-rate="0.5" complexity="3">
          <methods>
            <method name="GenreExists" signature="(System.String)" line-rate="1" branch-rate="0.5" complexity="2">
              <lines>
                <line number="124" hits="2" branch="False" />
                <line number="125" hits="2" branch="True" condition-coverage="50% (1/2)">
                  <conditions>
                    <condition number="26" type="jump" coverage="50%" />
                  </conditions>
                </line>
                <line number="126" hits="2" branch="False" />
              </lines>
            </method>
            <method name=".ctor" signature="(BookstoreContext)" line-rate="1" branch-rate="1" complexity="1">
              <lines>
                <line number="18" hits="10" branch="False" />
                <line number="19" hits="10" branch="False" />
                <line number="20" hits="10" branch="False" />
                <line number="21" hits="10" branch="False" />
              </lines>
            </method>
          </methods>
          <lines>
            <line number="124" hits="2" branch="False" />
            <line number="125" hits="2" branch="True" condition-coverage="50% (1/2)">
              <conditions>
                <condition number="26" type="jump" coverage="50%" />
              </conditions>
            </line>
            <line number="126" hits="2" branch="False" />
            <line number="18" hits="10" branch="False" />
            <line number="19" hits="10" branch="False" />
            <line number="20" hits="10" branch="False" />
            <line number="21" hits="10" branch="False" />
          </lines>
        </class>
        <class name="bookstoreAPI.Controllers.GenresController/&lt;DeleteGenre&gt;d__6" filename="Controllers\GenresController.cs" line-rate="0.6666" branch-rate="0.5" complexity="4">
          <methods>
            <method name="MoveNext" signature="()" line-rate="0.6666" branch-rate="0.5" complexity="4">
              <lines>
                <line number="106" hits="1" branch="False" />
                <line number="107" hits="1" branch="True" condition-coverage="50% (1/2)">
                  <conditions>
                    <condition number="50" type="jump" coverage="50%" />
                  </conditions>
                </line>
                <line number="108" hits="0" branch="False" />
                <line number="109" hits="0" branch="False" />
                <line number="111" hits="1" branch="False" />
                <line number="112" hits="1" branch="True" condition-coverage="50% (1/2)">
                  <conditions>
                    <condition number="243" type="jump" coverage="50%" />
                  </conditions>
                </line>
                <line number="113" hits="0" branch="False" />
                <line number="114" hits="0" branch="False" />
                <line number="117" hits="1" branch="False" />
                <line number="118" hits="1" branch="False" />
                <line number="120" hits="1" branch="False" />
                <line number="121" hits="1" branch="False" />
              </lines>
            </method>
          </methods>
          <lines>
            <line number="106" hits="1" branch="False" />
            <line number="107" hits="1" branch="True" condition-coverage="50% (1/2)">
              <conditions>
                <condition number="50" type="jump" coverage="50%" />
              </conditions>
            </line>
            <line number="108" hits="0" branch="False" />
            <line number="109" hits="0" branch="False" />
            <line number="111" hits="1" branch="False" />
            <line number="112" hits="1" branch="True" condition-coverage="50% (1/2)">
              <conditions>
                <condition number="243" type="jump" coverage="50%" />
              </conditions>
            </line>
            <line number="113" hits="0" branch="False" />
            <line number="114" hits="0" branch="False" />
            <line number="117" hits="1" branch="False" />
            <line number="118" hits="1" branch="False" />
            <line number="120" hits="1" branch="False" />
            <line number="121" hits="1" branch="False" />
          </lines>
        </class>
        <class name="bookstoreAPI.Controllers.GenresController/&lt;GetGenre&gt;d__3" filename="Controllers\GenresController.cs" line-rate="0.8" branch-rate="0.75" complexity="4">
          <methods>
            <method name="MoveNext" signature="()" line-rate="0.8" branch-rate="0.75" complexity="4">
              <lines>
                <line number="37" hits="3" branch="False" />
                <line number="38" hits="3" branch="True" condition-coverage="50% (1/2)">
                  <conditions>
                    <condition number="39" type="jump" coverage="50%" />
                  </conditions>
                </line>
                <line number="39" hits="0" branch="False" />
                <line number="40" hits="0" branch="False" />
                <line number="42" hits="3" branch="False" />
                <line number="44" hits="3" branch="True" condition-coverage="100% (2/2)">
                  <conditions>
                    <condition number="237" type="jump" coverage="100%" />
                  </conditions>
                </line>
                <line number="45" hits="1" branch="False" />
                <line number="46" hits="1" branch="False" />
                <line number="49" hits="2" branch="False" />
                <line number="50" hits="3" branch="False" />
              </lines>
            </method>
          </methods>
          <lines>
            <line number="37" hits="3" branch="False" />
            <line number="38" hits="3" branch="True" condition-coverage="50% (1/2)">
              <conditions>
                <condition number="39" type="jump" coverage="50%" />
              </conditions>
            </line>
            <line number="39" hits="0" branch="False" />
            <line number="40" hits="0" branch="False" />
            <line number="42" hits="3" branch="False" />
            <line number="44" hits="3" branch="True" condition-coverage="100% (2/2)">
              <conditions>
                <condition number="237" type="jump" coverage="100%" />
              </conditions>
            </line>
            <line number="45" hits="1" branch="False" />
            <line number="46" hits="1" branch="False" />
            <line number="49" hits="2" branch="False" />
            <line number="50" hits="3" branch="False" />
          </lines>
        </class>
        <class name="bookstoreAPI.Controllers.GenresController/&lt;GetGenres&gt;d__2" filename="Controllers\GenresController.cs" line-rate="0.6666" branch-rate="0.5" complexity="2">
          <methods>
            <method name="MoveNext" signature="()" line-rate="0.6666" branch-rate="0.5" complexity="2">
              <lines>
                <line number="26" hits="3" branch="False" />
                <line number="27" hits="3" branch="True" condition-coverage="50% (1/2)">
                  <conditions>
                    <condition number="39" type="jump" coverage="50%" />
                  </conditions>
                </line>
                <line number="28" hits="0" branch="False" />
                <line number="29" hits="0" branch="False" />
                <line number="31" hits="3" branch="False" />
                <line number="32" hits="3" branch="False" />
              </lines>
            </method>
          </methods>
          <lines>
            <line number="26" hits="3" branch="False" />
            <line number="27" hits="3" branch="True" condition-coverage="50% (1/2)">
              <conditions>
                <condition number="39" type="jump" coverage="50%" />
              </conditions>
            </line>
            <line number="28" hits="0" branch="False" />
            <line number="29" hits="0" branch="False" />
            <line number="31" hits="3" branch="False" />
            <line number="32" hits="3" branch="False" />
          </lines>
        </class>
        <class name="bookstoreAPI.Controllers.GenresController/&lt;PostGenre&gt;d__5" filename="Controllers\GenresController.cs" line-rate="0.6363" branch-rate="0.5" complexity="4">
          <methods>
            <method name="MoveNext" signature="()" line-rate="0.6363" branch-rate="0.5" complexity="4">
              <lines>
                <line number="85" hits="2" branch="False" />
                <line number="86" hits="2" branch="True" condition-coverage="50% (1/2)">
                  <conditions>
                    <condition number="39" type="jump" coverage="50%" />
                  </conditions>
                </line>
                <line number="87" hits="0" branch="False" />
                <line number="88" hits="0" branch="False" />
                <line number="92" hits="2" branch="True" condition-coverage="50% (1/2)">
                  <conditions>
                    <condition number="107" type="jump" coverage="50%" />
                  </conditions>
                </line>
                <line number="93" hits="0" branch="False" />
                <line number="94" hits="0" branch="False" />
                <line number="97" hits="2" branch="False" />
                <line number="98" hits="2" branch="False" />
                <line number="100" hits="2" branch="False" />
                <line number="101" hits="2" branch="False" />
              </lines>
            </method>
          </methods>
          <lines>
            <line number="85" hits="2" branch="False" />
            <line number="86" hits="2" branch="True" condition-coverage="50% (1/2)">
              <conditions>
                <condition number="39" type="jump" coverage="50%" />
              </conditions>
            </line>
            <line number="87" hits="0" branch="False" />
            <line number="88" hits="0" branch="False" />
            <line number="92" hits="2" branch="True" condition-coverage="50% (1/2)">
              <conditions>
                <condition number="107" type="jump" coverage="50%" />
              </conditions>
            </line>
            <line number="93" hits="0" branch="False" />
            <line number="94" hits="0" branch="False" />
            <line number="97" hits="2" branch="False" />
            <line number="98" hits="2" branch="False" />
            <line number="100" hits="2" branch="False" />
            <line number="101" hits="2" branch="False" />
          </lines>
        </class>
        <class name="bookstoreAPI.Controllers.GenresController/&lt;PutGenre&gt;d__4" filename="Controllers\GenresController.cs" line-rate="0.4705" branch-rate="0.25" complexity="4">
          <methods>
            <method name="MoveNext" signature="()" line-rate="0.4705" branch-rate="0.25" complexity="4">
              <lines>
                <line number="55" hits="1" branch="False" />
                <line number="56" hits="1" branch="True" condition-coverage="50% (1/2)">
                  <conditions>
                    <condition number="39" type="jump" coverage="50%" />
                  </conditions>
                </line>
                <line number="57" hits="0" branch="False" />
                <line number="58" hits="0" branch="False" />
                <line number="61" hits="1" branch="False" />
                <line number="64" hits="1" branch="False" />
                <line number="65" hits="1" branch="False" />
                <line number="66" hits="1" branch="False" />
                <line number="67" hits="0" branch="False" />
                <line number="68" hits="0" branch="False" />
                <line number="69" hits="0" branch="True" condition-coverage="0% (0/2)">
                  <conditions>
                    <condition number="248" type="jump" coverage="0%" />
                  </conditions>
                </line>
                <line number="70" hits="0" branch="False" />
                <line number="71" hits="0" branch="False" />
                <line number="74" hits="0" branch="False" />
                <line number="75" hits="0" branch="False" />
                <line number="79" hits="1" branch="False" />
                <line number="80" hits="1" branch="False" />
              </lines>
            </method>
          </methods>
          <lines>
            <line number="55" hits="1" branch="False" />
            <line number="56" hits="1" branch="True" condition-coverage="50% (1/2)">
              <conditions>
                <condition number="39" type="jump" coverage="50%" />
              </conditions>
            </line>
            <line number="57" hits="0" branch="False" />
            <line number="58" hits="0" branch="False" />
            <line number="61" hits="1" branch="False" />
            <line number="64" hits="1" branch="False" />
            <line number="65" hits="1" branch="False" />
            <line number="66" hits="1" branch="False" />
            <line number="67" hits="0" branch="False" />
            <line number="68" hits="0" branch="False" />
            <line number="69" hits="0" branch="True" condition-coverage="0% (0/2)">
              <conditions>
                <condition number="248" type="jump" coverage="0%" />
              </conditions>
            </line>
            <line number="70" hits="0" branch="False" />
            <line number="71" hits="0" branch="False" />
            <line number="74" hits="0" branch="False" />
            <line number="75" hits="0" branch="False" />
            <line number="79" hits="1" branch="False" />
            <line number="80" hits="1" branch="False" />
          </lines>
        </class>
      </classes>
    </package>
  </packages>
</coverage>